2024-10-04T19:32:24.740-04:00  INFO 18993 --- [SpringSecurity-demo] [main] o.f.s.SpringSecurityDemoApplication      : Starting SpringSecurityDemoApplication using Java 17.0.12 with PID 18993 (/Users/fionagu/Desktop/SpringSecurity-demo/target/classes started by fionagu in /Users/fionagu/Desktop/SpringSecurity-demo)
2024-10-04T19:32:24.743-04:00  INFO 18993 --- [SpringSecurity-demo] [main] o.f.s.SpringSecurityDemoApplication      : No active profile set, falling back to 1 default profile: "default"
2024-10-04T19:32:26.645-04:00  INFO 18993 --- [SpringSecurity-demo] [main] o.s.b.w.embedded.tomcat.TomcatWebServer  : Tomcat initialized with port 8081 (https)
2024-10-04T19:32:26.663-04:00  INFO 18993 --- [SpringSecurity-demo] [main] o.apache.catalina.core.StandardService   : Starting service [Tomcat]
2024-10-04T19:32:26.664-04:00  INFO 18993 --- [SpringSecurity-demo] [main] o.apache.catalina.core.StandardEngine    : Starting Servlet engine: [Apache Tomcat/10.1.30]
2024-10-04T19:32:26.714-04:00  INFO 18993 --- [SpringSecurity-demo] [main] o.a.c.c.C.[Tomcat].[localhost].[/]       : Initializing Spring embedded WebApplicationContext
2024-10-04T19:32:26.714-04:00  INFO 18993 --- [SpringSecurity-demo] [main] w.s.c.ServletWebServerApplicationContext : Root WebApplicationContext: initialization completed in 1885 ms
2024-10-04T19:32:27.239-04:00  INFO 18993 --- [SpringSecurity-demo] [main] r$InitializeUserDetailsManagerConfigurer : Global AuthenticationManager configured with UserDetailsService bean with name userDetailsService
2024-10-04T19:32:27.877-04:00  INFO 18993 --- [SpringSecurity-demo] [main] o.a.t.util.net.NioEndpoint.certificate   : Connector [https-jsse-nio-8081], TLS virtual host [_default_], certificate type [UNDEFINED] configured from keystore [/Users/fionagu/.keystore] using alias [myKeyAlias] with trust store [null]
2024-10-04T19:32:27.889-04:00  INFO 18993 --- [SpringSecurity-demo] [main] o.s.b.w.embedded.tomcat.TomcatWebServer  : Tomcat started on port 8081 (https) with context path '/'
2024-10-04T19:32:27.898-04:00  INFO 18993 --- [SpringSecurity-demo] [main] o.f.s.SpringSecurityDemoApplication      : Started SpringSecurityDemoApplication in 3.668 seconds (process running for 4.339)
2024-10-04T19:33:01.748-04:00  INFO 18993 --- [SpringSecurity-demo] [https-jsse-nio-8081-exec-6] o.a.c.c.C.[Tomcat].[localhost].[/]       : Initializing Spring DispatcherServlet 'dispatcherServlet'
2024-10-04T19:33:01.751-04:00  INFO 18993 --- [SpringSecurity-demo] [https-jsse-nio-8081-exec-6] o.s.web.servlet.DispatcherServlet        : Initializing Servlet 'dispatcherServlet'
2024-10-04T19:33:01.760-04:00  INFO 18993 --- [SpringSecurity-demo] [https-jsse-nio-8081-exec-6] o.s.web.servlet.DispatcherServlet        : Completed initialization in 9 ms
2024-10-04T19:33:02.407-04:00  INFO 18993 --- [SpringSecurity-demo] [https-jsse-nio-8081-exec-6] o.f.s.log.MethodLogAspect                : Request Method: String org.fionagu.springsecuritydemo.controller.CurrentUserLoginController.addUser(String,Integer), Request Param: ["testUser1",1]
2024-10-04T19:33:02.411-04:00  INFO 18993 --- [SpringSecurity-demo] [https-jsse-nio-8081-exec-6] o.f.s.log.MethodLogAspect                : Response Result:"New add user: testUser1 ,ID: 1"
2024-10-04T19:52:26.808-04:00  INFO 19788 --- [SpringSecurity-demo] [main] o.f.s.SpringSecurityDemoApplication      : Starting SpringSecurityDemoApplication using Java 17.0.12 with PID 19788 (/Users/fionagu/Desktop/SpringSecurity-demo/target/classes started by fionagu in /Users/fionagu/Desktop/SpringSecurity-demo)
2024-10-04T19:52:26.812-04:00  INFO 19788 --- [SpringSecurity-demo] [main] o.f.s.SpringSecurityDemoApplication      : No active profile set, falling back to 1 default profile: "default"
2024-10-04T19:52:28.324-04:00  INFO 19788 --- [SpringSecurity-demo] [main] o.s.b.w.embedded.tomcat.TomcatWebServer  : Tomcat initialized with port 8081 (https)
2024-10-04T19:52:28.340-04:00  INFO 19788 --- [SpringSecurity-demo] [main] o.apache.catalina.core.StandardService   : Starting service [Tomcat]
2024-10-04T19:52:28.341-04:00  INFO 19788 --- [SpringSecurity-demo] [main] o.apache.catalina.core.StandardEngine    : Starting Servlet engine: [Apache Tomcat/10.1.30]
2024-10-04T19:52:28.414-04:00  INFO 19788 --- [SpringSecurity-demo] [main] o.a.c.c.C.[Tomcat].[localhost].[/]       : Initializing Spring embedded WebApplicationContext
2024-10-04T19:52:28.414-04:00  INFO 19788 --- [SpringSecurity-demo] [main] w.s.c.ServletWebServerApplicationContext : Root WebApplicationContext: initialization completed in 1494 ms
2024-10-04T19:52:28.833-04:00  INFO 19788 --- [SpringSecurity-demo] [main] r$InitializeUserDetailsManagerConfigurer : Global AuthenticationManager configured with UserDetailsService bean with name userDetailsService
2024-10-04T19:52:29.487-04:00  INFO 19788 --- [SpringSecurity-demo] [main] o.a.t.util.net.NioEndpoint.certificate   : Connector [https-jsse-nio-8081], TLS virtual host [_default_], certificate type [UNDEFINED] configured from keystore [/Users/fionagu/.keystore] using alias [myKeyAlias] with trust store [null]
2024-10-04T19:52:29.499-04:00  INFO 19788 --- [SpringSecurity-demo] [main] o.s.b.w.embedded.tomcat.TomcatWebServer  : Tomcat started on port 8081 (https) with context path '/'
2024-10-04T19:52:29.509-04:00  INFO 19788 --- [SpringSecurity-demo] [main] o.f.s.SpringSecurityDemoApplication      : Started SpringSecurityDemoApplication in 3.264 seconds (process running for 3.95)
2024-10-04T19:52:40.611-04:00  INFO 19788 --- [SpringSecurity-demo] [https-jsse-nio-8081-exec-6] o.a.c.c.C.[Tomcat].[localhost].[/]       : Initializing Spring DispatcherServlet 'dispatcherServlet'
2024-10-04T19:52:40.612-04:00  INFO 19788 --- [SpringSecurity-demo] [https-jsse-nio-8081-exec-6] o.s.web.servlet.DispatcherServlet        : Initializing Servlet 'dispatcherServlet'
2024-10-04T19:52:40.613-04:00  INFO 19788 --- [SpringSecurity-demo] [https-jsse-nio-8081-exec-6] o.s.web.servlet.DispatcherServlet        : Completed initialization in 1 ms
2024-10-04T19:52:40.974-04:00  INFO 19788 --- [SpringSecurity-demo] [https-jsse-nio-8081-exec-6] o.f.s.log.MethodLogAspect                : Before - Method: String org.fionagu.springsecuritydemo.controller.CurrentUserLoginController.addUser(String,Integer), Params: ["testUser2",2]
2024-10-04T19:52:40.976-04:00  INFO 19788 --- [SpringSecurity-demo] [https-jsse-nio-8081-exec-6] o.f.s.log.MethodLogAspect                : After - Result: "New add user: testUser2 ,ID: 2"
2024-10-04T19:55:40.955-04:00  INFO 19902 --- [SpringSecurity-demo] [main] o.f.s.SpringSecurityDemoApplication      : Starting SpringSecurityDemoApplication using Java 17.0.12 with PID 19902 (/Users/fionagu/Desktop/SpringSecurity-demo/target/classes started by fionagu in /Users/fionagu/Desktop/SpringSecurity-demo)
2024-10-04T19:55:40.962-04:00  INFO 19902 --- [SpringSecurity-demo] [main] o.f.s.SpringSecurityDemoApplication      : No active profile set, falling back to 1 default profile: "default"
2024-10-04T19:55:42.448-04:00  INFO 19902 --- [SpringSecurity-demo] [main] o.s.b.w.embedded.tomcat.TomcatWebServer  : Tomcat initialized with port 8081 (https)
2024-10-04T19:55:42.466-04:00  INFO 19902 --- [SpringSecurity-demo] [main] o.apache.catalina.core.StandardService   : Starting service [Tomcat]
2024-10-04T19:55:42.466-04:00  INFO 19902 --- [SpringSecurity-demo] [main] o.apache.catalina.core.StandardEngine    : Starting Servlet engine: [Apache Tomcat/10.1.30]
2024-10-04T19:55:42.515-04:00  INFO 19902 --- [SpringSecurity-demo] [main] o.a.c.c.C.[Tomcat].[localhost].[/]       : Initializing Spring embedded WebApplicationContext
2024-10-04T19:55:42.516-04:00  INFO 19902 --- [SpringSecurity-demo] [main] w.s.c.ServletWebServerApplicationContext : Root WebApplicationContext: initialization completed in 1459 ms
2024-10-04T19:55:42.798-04:00  INFO 19902 --- [SpringSecurity-demo] [main] r$InitializeUserDetailsManagerConfigurer : Global AuthenticationManager configured with UserDetailsService bean with name userDetailsService
2024-10-04T19:55:43.674-04:00  INFO 19902 --- [SpringSecurity-demo] [main] o.a.t.util.net.NioEndpoint.certificate   : Connector [https-jsse-nio-8081], TLS virtual host [_default_], certificate type [UNDEFINED] configured from keystore [/Users/fionagu/.keystore] using alias [myKeyAlias] with trust store [null]
2024-10-04T19:55:43.688-04:00  INFO 19902 --- [SpringSecurity-demo] [main] o.s.b.w.embedded.tomcat.TomcatWebServer  : Tomcat started on port 8081 (https) with context path '/'
2024-10-04T19:55:43.701-04:00  INFO 19902 --- [SpringSecurity-demo] [main] o.f.s.SpringSecurityDemoApplication      : Started SpringSecurityDemoApplication in 3.285 seconds (process running for 3.965)
2024-10-04T19:55:51.306-04:00  INFO 19902 --- [SpringSecurity-demo] [https-jsse-nio-8081-exec-6] o.a.c.c.C.[Tomcat].[localhost].[/]       : Initializing Spring DispatcherServlet 'dispatcherServlet'
2024-10-04T19:55:51.307-04:00  INFO 19902 --- [SpringSecurity-demo] [https-jsse-nio-8081-exec-6] o.s.web.servlet.DispatcherServlet        : Initializing Servlet 'dispatcherServlet'
2024-10-04T19:55:51.308-04:00  INFO 19902 --- [SpringSecurity-demo] [https-jsse-nio-8081-exec-6] o.s.web.servlet.DispatcherServlet        : Completed initialization in 1 ms
2024-10-04T19:55:51.648-04:00  INFO 19902 --- [SpringSecurity-demo] [https-jsse-nio-8081-exec-6] o.f.s.log.MethodLogAspect                : Before - Method: String org.fionagu.springsecuritydemo.controller.CurrentUserLoginController.addUser(String,Integer), Params: ["testUser3",3]
2024-10-04T19:55:51.650-04:00  INFO 19902 --- [SpringSecurity-demo] [https-jsse-nio-8081-exec-6] o.f.s.log.MethodLogAspect                : After - Result: "New add user: testUser3 ,ID: 3", Execution Time: 51 ms
2024-10-04T19:58:53.609-04:00  INFO 20008 --- [SpringSecurity-demo] [main] o.f.s.SpringSecurityDemoApplication      : Starting SpringSecurityDemoApplication using Java 17.0.12 with PID 20008 (/Users/fionagu/Desktop/SpringSecurity-demo/target/classes started by fionagu in /Users/fionagu/Desktop/SpringSecurity-demo)
2024-10-04T19:58:53.612-04:00  INFO 20008 --- [SpringSecurity-demo] [main] o.f.s.SpringSecurityDemoApplication      : No active profile set, falling back to 1 default profile: "default"
2024-10-04T19:58:54.732-04:00  INFO 20008 --- [SpringSecurity-demo] [main] o.s.b.w.embedded.tomcat.TomcatWebServer  : Tomcat initialized with port 8081 (https)
2024-10-04T19:58:54.747-04:00  INFO 20008 --- [SpringSecurity-demo] [main] o.apache.catalina.core.StandardService   : Starting service [Tomcat]
2024-10-04T19:58:54.747-04:00  INFO 20008 --- [SpringSecurity-demo] [main] o.apache.catalina.core.StandardEngine    : Starting Servlet engine: [Apache Tomcat/10.1.30]
2024-10-04T19:58:54.786-04:00  INFO 20008 --- [SpringSecurity-demo] [main] o.a.c.c.C.[Tomcat].[localhost].[/]       : Initializing Spring embedded WebApplicationContext
2024-10-04T19:58:54.787-04:00  INFO 20008 --- [SpringSecurity-demo] [main] w.s.c.ServletWebServerApplicationContext : Root WebApplicationContext: initialization completed in 1116 ms
2024-10-04T19:58:55.065-04:00  INFO 20008 --- [SpringSecurity-demo] [main] r$InitializeUserDetailsManagerConfigurer : Global AuthenticationManager configured with UserDetailsService bean with name userDetailsService
2024-10-04T19:58:55.618-04:00  INFO 20008 --- [SpringSecurity-demo] [main] o.a.t.util.net.NioEndpoint.certificate   : Connector [https-jsse-nio-8081], TLS virtual host [_default_], certificate type [UNDEFINED] configured from keystore [/Users/fionagu/.keystore] using alias [myKeyAlias] with trust store [null]
2024-10-04T19:58:55.630-04:00  INFO 20008 --- [SpringSecurity-demo] [main] o.s.b.w.embedded.tomcat.TomcatWebServer  : Tomcat started on port 8081 (https) with context path '/'
2024-10-04T19:58:55.640-04:00  INFO 20008 --- [SpringSecurity-demo] [main] o.f.s.SpringSecurityDemoApplication      : Started SpringSecurityDemoApplication in 2.547 seconds (process running for 3.396)
2024-10-04T19:59:09.417-04:00  INFO 20008 --- [SpringSecurity-demo] [https-jsse-nio-8081-exec-6] o.a.c.c.C.[Tomcat].[localhost].[/]       : Initializing Spring DispatcherServlet 'dispatcherServlet'
2024-10-04T19:59:09.418-04:00  INFO 20008 --- [SpringSecurity-demo] [https-jsse-nio-8081-exec-6] o.s.web.servlet.DispatcherServlet        : Initializing Servlet 'dispatcherServlet'
2024-10-04T19:59:09.419-04:00  INFO 20008 --- [SpringSecurity-demo] [https-jsse-nio-8081-exec-6] o.s.web.servlet.DispatcherServlet        : Completed initialization in 1 ms
2024-10-04T19:59:09.718-04:00  INFO 20008 --- [SpringSecurity-demo] [https-jsse-nio-8081-exec-6] o.f.s.log.MethodLogAspect                : API Request - URI: /user, Method: POST
2024-10-04T19:59:09.769-04:00  INFO 20008 --- [SpringSecurity-demo] [https-jsse-nio-8081-exec-6] o.f.s.log.MethodLogAspect                : Before - Method: String org.fionagu.springsecuritydemo.controller.CurrentUserLoginController.addUser(String,Integer), Params: ["testUser4",4]
2024-10-04T19:59:09.770-04:00  INFO 20008 --- [SpringSecurity-demo] [https-jsse-nio-8081-exec-6] o.f.s.log.MethodLogAspect                : After - Result: "New add user: testUser4 ,ID: 4", Execution Time: 51 ms
