2024-10-04T16:18:55.141-07:00  INFO 9070 --- [main] c.e.hwcoding11.HW_CODING_11_Application  : Starting HW_CODING_11_Application using Java 17.0.1 with PID 9070 (/Users/liyuhang/Desktop/Chuwa/Coding11/target/classes started by liyuhang in /Users/liyuhang/Desktop/Chuwa/Coding11)
2024-10-04T16:18:55.144-07:00  INFO 9070 --- [main] c.e.hwcoding11.HW_CODING_11_Application  : No active profile set, falling back to 1 default profile: "default"
2024-10-04T16:18:58.006-07:00  INFO 9070 --- [main] o.s.b.w.embedded.tomcat.TomcatWebServer  : Tomcat initialized with port 8443 (https)
2024-10-04T16:18:58.029-07:00  INFO 9070 --- [main] o.apache.catalina.core.StandardService   : Starting service [Tomcat]
2024-10-04T16:18:58.030-07:00  INFO 9070 --- [main] o.apache.catalina.core.StandardEngine    : Starting Servlet engine: [Apache Tomcat/10.1.16]
2024-10-04T16:18:58.085-07:00  INFO 9070 --- [main] o.a.c.c.C.[Tomcat].[localhost].[/]       : Initializing Spring embedded WebApplicationContext
2024-10-04T16:18:58.085-07:00  INFO 9070 --- [main] w.s.c.ServletWebServerApplicationContext : Root WebApplicationContext: initialization completed in 2810 ms
2024-10-04T16:18:58.460-07:00  WARN 9070 --- [main] o.s.security.core.userdetails.User       : User.withDefaultPasswordEncoder() is considered unsafe for production and is only intended for sample applications.
2024-10-04T16:18:59.209-07:00  INFO 9070 --- [main] o.s.s.web.DefaultSecurityFilterChain     : Will secure any request with [org.springframework.security.web.session.DisableEncodeUrlFilter@3cd26422, org.springframework.security.web.context.request.async.WebAsyncManagerIntegrationFilter@2eda072, org.springframework.security.web.context.SecurityContextHolderFilter@2d74c81b, org.springframework.security.web.header.HeaderWriterFilter@1cd43562, org.springframework.web.filter.CorsFilter@3fa21d49, org.springframework.security.web.authentication.logout.LogoutFilter@3135bf25, org.springframework.security.web.savedrequest.RequestCacheAwareFilter@55f4887d, org.springframework.security.web.servletapi.SecurityContextHolderAwareRequestFilter@26837057, org.springframework.security.web.authentication.AnonymousAuthenticationFilter@416d56f2, org.springframework.security.web.access.ExceptionTranslationFilter@47f04e4d, org.springframework.security.web.access.intercept.AuthorizationFilter@414f87a9]
2024-10-04T16:19:00.038-07:00  INFO 9070 --- [main] o.a.t.util.net.NioEndpoint.certificate   : Connector [https-jsse-nio-8443], TLS virtual host [_default_], certificate type [UNDEFINED] configured from keystore [/Users/liyuhang/.keystore] using alias [myselfsigned] with trust store [null]
2024-10-04T16:19:00.097-07:00  INFO 9070 --- [main] o.s.b.w.embedded.tomcat.TomcatWebServer  : Tomcat started on port 8443 (https) with context path ''
2024-10-04T16:19:00.119-07:00  INFO 9070 --- [main] c.e.hwcoding11.HW_CODING_11_Application  : Started HW_CODING_11_Application in 5.794 seconds (process running for 6.496)
2024-10-04T16:19:07.285-07:00  INFO 9070 --- [https-jsse-nio-8443-exec-6] o.a.c.c.C.[Tomcat].[localhost].[/]       : Initializing Spring DispatcherServlet 'dispatcherServlet'
2024-10-04T16:19:07.288-07:00  INFO 9070 --- [https-jsse-nio-8443-exec-6] o.s.web.servlet.DispatcherServlet        : Initializing Servlet 'dispatcherServlet'
2024-10-04T16:19:07.295-07:00  INFO 9070 --- [https-jsse-nio-8443-exec-6] o.s.web.servlet.DispatcherServlet        : Completed initialization in 6 ms
2024-10-04T16:19:07.311-07:00  WARN 9070 --- [https-jsse-nio-8443-exec-6] o.s.w.s.h.HandlerMappingIntrospector     : Cache miss for REQUEST dispatch to '/api/test2' (previous null). Performing CorsConfiguration lookup. This is logged once only at WARN level, and every time at TRACE.
2024-10-04T16:19:07.328-07:00  WARN 9070 --- [https-jsse-nio-8443-exec-6] o.s.w.s.h.HandlerMappingIntrospector     : Cache miss for REQUEST dispatch to '/api/test2' (previous null). Performing MatchableHandlerMapping lookup. This is logged once only at WARN level, and every time at TRACE.
2024-10-04T16:21:50.866-07:00  INFO 9453 --- [main] c.e.hwcoding11.HW_CODING_11_Application  : Starting HW_CODING_11_Application using Java 17.0.1 with PID 9453 (/Users/liyuhang/Desktop/Chuwa/Coding11/target/classes started by liyuhang in /Users/liyuhang/Desktop/Chuwa/Coding11)
2024-10-04T16:21:50.874-07:00  INFO 9453 --- [main] c.e.hwcoding11.HW_CODING_11_Application  : No active profile set, falling back to 1 default profile: "default"
2024-10-04T16:21:53.604-07:00  INFO 9453 --- [main] o.s.b.w.embedded.tomcat.TomcatWebServer  : Tomcat initialized with port 8443 (https)
2024-10-04T16:21:53.628-07:00  INFO 9453 --- [main] o.apache.catalina.core.StandardService   : Starting service [Tomcat]
2024-10-04T16:21:53.628-07:00  INFO 9453 --- [main] o.apache.catalina.core.StandardEngine    : Starting Servlet engine: [Apache Tomcat/10.1.16]
2024-10-04T16:21:53.699-07:00  INFO 9453 --- [main] o.a.c.c.C.[Tomcat].[localhost].[/]       : Initializing Spring embedded WebApplicationContext
2024-10-04T16:21:53.699-07:00  INFO 9453 --- [main] w.s.c.ServletWebServerApplicationContext : Root WebApplicationContext: initialization completed in 2721 ms
2024-10-04T16:21:54.215-07:00  INFO 9453 --- [main] c.e.h.aspect.CustomLoggerAspect          : Before method: userDetailsService
2024-10-04T16:21:54.218-07:00  WARN 9453 --- [main] o.s.security.core.userdetails.User       : User.withDefaultPasswordEncoder() is considered unsafe for production and is only intended for sample applications.
2024-10-04T16:21:54.341-07:00  INFO 9453 --- [main] c.e.h.aspect.CustomLoggerAspect          : After method: userDetailsService
2024-10-04T16:21:54.341-07:00  INFO 9453 --- [main] c.e.h.aspect.CustomLoggerAspect          : Method returned: org.springframework.security.provisioning.InMemoryUserDetailsManager@593a6726
2024-10-04T16:21:54.342-07:00  INFO 9453 --- [main] c.e.h.aspect.CustomLoggerAspect          : UserDetailsService com.example.hwcoding11.SecurityConfig.userDetailsService() executed in 126ms
2024-10-04T16:21:54.531-07:00  INFO 9453 --- [main] c.e.h.aspect.CustomLoggerAspect          : Before method: securityFilterChain
2024-10-04T16:21:55.186-07:00  INFO 9453 --- [main] o.s.s.web.DefaultSecurityFilterChain     : Will secure any request with [org.springframework.security.web.session.DisableEncodeUrlFilter@16da1abc, org.springframework.security.web.context.request.async.WebAsyncManagerIntegrationFilter@671ea6ff, org.springframework.security.web.context.SecurityContextHolderFilter@7a2ab862, org.springframework.security.web.header.HeaderWriterFilter@2ceca2ef, org.springframework.web.filter.CorsFilter@1c52552f, org.springframework.security.web.authentication.logout.LogoutFilter@173f1614, org.springframework.security.web.savedrequest.RequestCacheAwareFilter@4733f6f5, org.springframework.security.web.servletapi.SecurityContextHolderAwareRequestFilter@6ccac6f4, org.springframework.security.web.authentication.AnonymousAuthenticationFilter@5dc769f9, org.springframework.security.web.access.ExceptionTranslationFilter@74834afd, org.springframework.security.web.access.intercept.AuthorizationFilter@5f34907b]
2024-10-04T16:21:55.186-07:00  INFO 9453 --- [main] c.e.h.aspect.CustomLoggerAspect          : After method: securityFilterChain
2024-10-04T16:21:55.187-07:00  INFO 9453 --- [main] c.e.h.aspect.CustomLoggerAspect          : Method returned: DefaultSecurityFilterChain [RequestMatcher=any request, Filters=[org.springframework.security.web.session.DisableEncodeUrlFilter@16da1abc, org.springframework.security.web.context.request.async.WebAsyncManagerIntegrationFilter@671ea6ff, org.springframework.security.web.context.SecurityContextHolderFilter@7a2ab862, org.springframework.security.web.header.HeaderWriterFilter@2ceca2ef, org.springframework.web.filter.CorsFilter@1c52552f, org.springframework.security.web.authentication.logout.LogoutFilter@173f1614, org.springframework.security.web.savedrequest.RequestCacheAwareFilter@4733f6f5, org.springframework.security.web.servletapi.SecurityContextHolderAwareRequestFilter@6ccac6f4, org.springframework.security.web.authentication.AnonymousAuthenticationFilter@5dc769f9, org.springframework.security.web.access.ExceptionTranslationFilter@74834afd, org.springframework.security.web.access.intercept.AuthorizationFilter@5f34907b]]
2024-10-04T16:21:55.187-07:00  INFO 9453 --- [main] c.e.h.aspect.CustomLoggerAspect          : SecurityFilterChain com.example.hwcoding11.SecurityConfig.securityFilterChain(HttpSecurity) executed in 657ms
2024-10-04T16:21:55.803-07:00  INFO 9453 --- [main] o.a.t.util.net.NioEndpoint.certificate   : Connector [https-jsse-nio-8443], TLS virtual host [_default_], certificate type [UNDEFINED] configured from keystore [/Users/liyuhang/.keystore] using alias [myselfsigned] with trust store [null]
2024-10-04T16:21:55.835-07:00  INFO 9453 --- [main] o.s.b.w.embedded.tomcat.TomcatWebServer  : Tomcat started on port 8443 (https) with context path ''
2024-10-04T16:21:55.860-07:00  INFO 9453 --- [main] c.e.hwcoding11.HW_CODING_11_Application  : Started HW_CODING_11_Application in 5.886 seconds (process running for 6.605)
2024-10-04T16:21:56.264-07:00  INFO 9453 --- [https-jsse-nio-8443-exec-6] o.a.c.c.C.[Tomcat].[localhost].[/]       : Initializing Spring DispatcherServlet 'dispatcherServlet'
2024-10-04T16:21:56.266-07:00  INFO 9453 --- [https-jsse-nio-8443-exec-6] o.s.web.servlet.DispatcherServlet        : Initializing Servlet 'dispatcherServlet'
2024-10-04T16:21:56.274-07:00  INFO 9453 --- [https-jsse-nio-8443-exec-6] o.s.web.servlet.DispatcherServlet        : Completed initialization in 8 ms
2024-10-04T16:21:56.287-07:00  WARN 9453 --- [https-jsse-nio-8443-exec-6] o.s.w.s.h.HandlerMappingIntrospector     : Cache miss for REQUEST dispatch to '/api/test' (previous null). Performing CorsConfiguration lookup. This is logged once only at WARN level, and every time at TRACE.
2024-10-04T16:21:56.308-07:00  WARN 9453 --- [https-jsse-nio-8443-exec-6] o.s.w.s.h.HandlerMappingIntrospector     : Cache miss for REQUEST dispatch to '/api/test' (previous null). Performing MatchableHandlerMapping lookup. This is logged once only at WARN level, and every time at TRACE.
2024-10-04T16:21:56.335-07:00  INFO 9453 --- [https-jsse-nio-8443-exec-6] c.e.h.aspect.CustomLoggerAspect          : Before method: testEndpoint
2024-10-04T16:21:56.336-07:00  INFO 9453 --- [https-jsse-nio-8443-exec-6] c.e.h.aspect.CustomLoggerAspect          : After method: testEndpoint
2024-10-04T16:21:56.336-07:00  INFO 9453 --- [https-jsse-nio-8443-exec-6] c.e.h.aspect.CustomLoggerAspect          : Method returned: Test endpoint response
2024-10-04T16:21:56.336-07:00  INFO 9453 --- [https-jsse-nio-8443-exec-6] c.e.h.aspect.CustomLoggerAspect          : String com.example.hwcoding11.controller.TestController.testEndpoint() executed in 1ms
